{"level":"info","username":"mrturkmen","time":"2019-07-22T08:49:22Z","message":"signup user"}
{"level":"info","username":"mrturkmen","time":"2019-07-22T08:50:00Z","message":"login user"}
{"level":"info","username":"mrturkmen","time":"2019-07-22T08:50:39Z","message":"login user"}
{"level":"info","username":"mrturkmen","time":"2019-07-22T08:51:31Z","message":"login user"}
{"level":"info","username":"mrturkmen","time":"2019-07-22T08:53:06Z","message":"signup user"}
{"level":"info","username":"mrturkmen","time":"2019-07-22T08:58:41Z","message":"signup user"}
{"level":"info","username":"mrturkmen","time":"2019-07-22T09:00:04Z","message":"signup user"}
{"level":"info","username":"as","time":"2019-07-22T09:34:41Z","message":"signup user"}
{"level":"info","username":"ah","time":"2019-07-22T09:42:12Z","message":"signup user"}
{"level":"info","username":"as","time":"2019-07-22T09:48:32Z","message":"signup user"}
{"level":"info","username":"as","time":"2019-07-22T09:51:08Z","message":"signup user"}
{"level":"info","username":"as","time":"2019-07-22T09:54:04Z","message":"signup user"}
{"level":"info","username":"k","time":"2019-07-22T10:03:38Z","message":"signup user"}
{"level":"info","username":"a","time":"2019-07-22T10:05:11Z","message":"signup user"}
{"level":"info","username":"a","time":"2019-07-22T10:07:21Z","message":"signup user"}
{"level":"info","username":"a","time":"2019-07-22T10:40:26Z","message":"login user"}
{"level":"info","username":"a","time":"2019-07-22T10:43:15Z","message":"signup user"}
{"level":"info","username":"a","time":"2019-07-22T10:46:10Z","message":"signup user"}
{"level":"info","username":"mrturkmen","time":"2019-07-22T10:46:24Z","message":"signup user"}
{"level":"info","user":"mrturkmen","is-super-user":true,"username":"mrturkmen","time":"2019-07-22T10:46:39Z","message":"login user"}
{"level":"info","user":"mrturkmen","is-super-user":true,"tag":"esboot","name":"ame","available":5,"capacity":30,"frontends":["kali"],"exercises":["scan","sql","hb"],"time":"2019-07-22T11:04:38Z","message":"create event"}
{"level":"info","user":"mrturkmen","is-super-user":true,"tag":"esboot","name":"ame","available":5,"capacity":30,"frontends":["kali"],"exercises":["sql","hb"],"time":"2019-07-22T11:04:48Z","message":"create event"}
{"level":"info","user":"mrturkmen","is-super-user":true,"tag":"esboot","name":"ame","available":5,"capacity":30,"frontends":["kali"],"exercises":["phish"],"time":"2019-07-22T11:05:27Z","message":"create event"}
{"level":"info","user":"mrturkmen","is-super-user":true,"tag":"esboot","name":"ame","available":5,"capacity":30,"frontends":["kali"],"exercises":[],"time":"2019-07-22T11:05:57Z","message":"create event"}
{"level":"info","user":"mrturkmen","is-super-user":true,"tag":"esboot","name":"ame","available":5,"capacity":30,"frontends":["kali"],"exercises":["phish"],"time":"2019-07-22T11:06:20Z","message":"create event"}
{"level":"info","user":"mrturkmen","is-super-user":true,"tag":"esboot","name":"ame","available":5,"capacity":30,"frontends":["kali"],"exercises":["scan"],"time":"2019-07-22T11:35:11Z","message":"create event"}
{"level":"info","user":"mrturkmen","is-super-user":true,"tag":"esboot","name":"ame","available":5,"capacity":30,"frontends":["kali"],"exercises":["xss"],"time":"2019-07-22T11:36:25Z","message":"create event"}
{"level":"info","user":"mrturkmen","is-super-user":true,"tag":"esboot","name":"ame","available":5,"capacity":30,"frontends":["kali"],"exercises":["securecodebox/sslyze"],"time":"2019-07-22T11:43:54Z","message":"create event"}
{"level":"info","user":"mrturkmen","is-super-user":true,"tag":"esboot","name":"ame","available":5,"capacity":30,"frontends":["kali"],"exercises":["sslyze"],"time":"2019-07-22T11:44:05Z","message":"create event"}
{"level":"info","username":"mrturkmen","time":"2019-07-22T11:49:38Z","message":"login user"}
{"level":"info","username":"mrturkmen","time":"2019-07-22T11:49:59Z","message":"signup user"}
{"level":"info","user":"mrturkmen","is-super-user":true,"username":"mrturkmen","time":"2019-07-22T11:50:10Z","message":"login user"}
{"level":"info","user":"mrturkmen","is-super-user":true,"tag":"esboot","name":"ame","available":5,"capacity":30,"frontends":["kali"],"exercises":["scan","sql","hb"],"time":"2019-07-22T11:50:15Z","message":"create event"}
{"level":"info","user":"mrturkmen","is-super-user":true,"tag":"esboot","name":"ame","available":5,"capacity":30,"frontends":["kali"],"exercises":["scan","sql","hb"],"time":"2019-07-22T12:56:59Z","message":"create event"}
{"level":"info","user":"mrturkmen","is-super-user":true,"tag":"esboot","name":"ame","available":5,"capacity":30,"frontends":["kali"],"exercises":["scan","sql","hb"],"time":"2019-07-22T13:13:06Z","message":"create event"}
{"level":"info","user":"mrturkmen","is-super-user":true,"tag":"esboot","name":"ame","available":5,"capacity":30,"frontends":["kali"],"exercises":["scan","sql","hb"],"time":"2019-07-22T13:31:24Z","message":"create event"}
{"level":"info","user":"mrturkmen","is-super-user":true,"tag":"esboot","name":"ame","available":5,"capacity":30,"frontends":["kali"],"exercises":["scan","sql","hb"],"time":"2019-07-22T14:11:31Z","message":"create event"}
{"level":"info","user":"mrturkmen","is-super-user":true,"tag":"esboot","name":"ame","available":5,"capacity":30,"frontends":["kali"],"exercises":["scan","sql","hb"],"time":"2019-07-22T14:12:31Z","message":"create event"}
{"level":"info","user":"mrturkmen","is-super-user":true,"tag":"esboot","name":"ame","available":1,"capacity":30,"frontends":["kali"],"exercises":["scan","sql","hb"],"time":"2019-07-22T14:22:44Z","message":"create event"}
{"level":"info","user":"mrturkmen","is-super-user":true,"tag":"esboot","name":"ame","available":1,"capacity":30,"frontends":[],"exercises":["scan","sql","hb-f"],"time":"2019-07-22T20:50:11Z","message":"create event"}
{"level":"info","user":"mrturkmen","is-super-user":true,"tag":"esboot","name":"ame","available":1,"capacity":30,"frontends":["kali"],"exercises":["scan","sql","hb"],"time":"2019-07-22T20:51:05Z","message":"create event"}
{"level":"info","user":"mrturkmen","is-super-user":true,"tag":"esboot","name":"ame","available":1,"capacity":30,"frontends":["kali"],"exercises":["scan","sql","hb"],"time":"2019-07-23T06:49:50Z","message":"create event"}
{"level":"info","user":"mrturkmen","is-super-user":true,"tag":"esboot","name":"ame","available":1,"capacity":30,"frontends":["kali"],"exercises":["scan","sql","hb"],"time":"2019-07-23T07:08:45Z","message":"create event"}
{"level":"info","user":"mrturkmen","is-super-user":true,"tag":"esboot","name":"ame","available":1,"capacity":30,"frontends":["kali"],"exercises":["scan","sql","hb"],"time":"2019-07-23T07:33:48Z","message":"create event"}
{"level":"info","user":"mrturkmen","is-super-user":true,"tag":"esboot","name":"ame","available":1,"capacity":30,"frontends":["kali"],"exercises":["scan","sql","hb"],"time":"2019-07-23T08:39:43Z","message":"create event"}
{"level":"info","user":"mrturkmen","is-super-user":true,"tag":"esboot","name":"ame","available":1,"capacity":30,"frontends":["linux"],"exercises":["scan","sql","hb"],"time":"2019-07-23T11:00:52Z","message":"create event"}
{"level":"info","user":"mrturkmen","is-super-user":true,"tag":"esboot","name":"ame","available":1,"capacity":30,"frontends":["ubuntu"],"exercises":["scan","sql","hb"],"time":"2019-07-23T11:37:12Z","message":"create event"}
{"level":"info","user":"mrturkmen","is-super-user":true,"tag":"esboot","name":"ame","available":1,"capacity":30,"frontends":["ubuntu"],"exercises":["scan","sql","hb"],"time":"2019-07-23T11:41:32Z","message":"create event"}
{"level":"info","user":"mrturkmen","is-super-user":true,"tag":"esboot","name":"ame","available":1,"capacity":30,"frontends":["ubuntu"],"exercises":["scan","sql","hb"],"time":"2019-07-23T11:43:51Z","message":"create event"}
{"level":"info","user":"mrturkmen","is-super-user":true,"tag":"esboot","name":"ame","available":1,"capacity":30,"frontends":["kali"],"exercises":["scan","sql","hb"],"time":"2019-07-23T11:52:19Z","message":"create event"}
{"level":"info","user":"mrturkmen","is-super-user":true,"tag":"esboot","name":"ame","available":1,"capacity":30,"frontends":["kali"],"exercises":["scan","sql","hb"],"time":"2019-07-23T12:09:31Z","message":"create event"}
{"level":"info","user":"mrturkmen","is-super-user":true,"tag":"esboot","name":"ame","available":1,"capacity":30,"frontends":["linux"],"exercises":["scan"],"time":"2019-07-23T12:20:01Z","message":"create event"}
{"level":"info","user":"mrturkmen","is-super-user":true,"tag":"esboot","name":"ame","available":1,"capacity":30,"frontends":["kali"],"exercises":["scan","sql","hb"],"time":"2019-07-23T13:57:46Z","message":"create event"}
{"level":"info","user":"mrturkmen","is-super-user":true,"tag":"booter","name":"ame","available":1,"capacity":30,"frontends":["kali"],"exercises":["scan","sql","hb"],"time":"2019-07-23T13:58:03Z","message":"create event"}
{"level":"info","user":"mrturkmen","is-super-user":true,"tag":"esboot","name":"ame","available":1,"capacity":30,"frontends":["photon"],"exercises":["scan","sql","hb"],"time":"2019-07-24T06:48:27Z","message":"create event"}
{"level":"info","user":"mrturkmen","is-super-user":true,"tag":"esboot","name":"ame","available":1,"capacity":30,"frontends":["photon"],"exercises":["scan","sql","hb"],"time":"2019-07-24T06:51:49Z","message":"create event"}
{"level":"info","user":"mrturkmen","is-super-user":true,"tag":"esboot","name":"ame","available":1,"capacity":30,"frontends":["photon"],"exercises":["scan","sql","hb"],"time":"2019-07-24T06:55:44Z","message":"create event"}
{"level":"info","user":"mrturkmen","is-super-user":true,"tag":"esboot","name":"ame","available":1,"capacity":30,"frontends":["linux"],"exercises":["scan","sql","hb"],"time":"2019-07-24T06:57:55Z","message":"create event"}
{"level":"info","user":"mrturkmen","is-super-user":true,"tag":"esboot","name":"ame","available":1,"capacity":30,"frontends":["linux"],"exercises":["scan","sql","hb"],"time":"2019-07-24T08:12:57Z","message":"create event"}
{"level":"info","user":"mrturkmen","is-super-user":true,"tag":"esboot","name":"ame","available":1,"capacity":30,"frontends":["kali"],"exercises":["scan"],"time":"2019-07-24T09:04:50Z","message":"create event"}
{"level":"info","user":"mrturkmen","is-super-user":true,"tag":"esboot","name":"ame","available":1,"capacity":30,"frontends":["linux"],"exercises":["scan","sql","hb"],"time":"2019-07-24T09:09:29Z","message":"create event"}
{"level":"info","user":"mrturkmen","is-super-user":true,"tag":"esboot","name":"ame","available":1,"capacity":30,"frontends":["linux"],"exercises":["scan"],"time":"2019-07-24T09:19:12Z","message":"create event"}
{"level":"info","user":"mrturkmen","is-super-user":true,"tag":"esboot","name":"ame","available":5,"capacity":30,"frontends":["linux"],"exercises":["scan"],"time":"2019-07-24T09:28:48Z","message":"create event"}
{"level":"info","user":"mrturkmen","is-super-user":true,"tag":"esboot","name":"ame","available":1,"capacity":30,"frontends":["linux"],"exercises":["scan"],"time":"2019-07-24T09:41:35Z","message":"create event"}
{"level":"info","user":"mrturkmen","is-super-user":true,"tag":"esboot","name":"ame","available":1,"capacity":30,"frontends":["linux"],"exercises":["scan"],"time":"2019-07-24T09:46:48Z","message":"create event"}
{"level":"info","user":"mrturkmen","is-super-user":true,"tag":"esboot","name":"ame","available":1,"capacity":30,"frontends":["linux"],"exercises":["scan"],"time":"2019-07-24T09:54:31Z","message":"create event"}
{"level":"info","user":"mrturkmen","is-super-user":true,"tag":"esboot","name":"ame","available":1,"capacity":30,"frontends":["linux"],"exercises":["scan"],"time":"2019-07-24T09:58:13Z","message":"create event"}
{"level":"info","user":"mrturkmen","is-super-user":true,"tag":"esboot","name":"ame","available":3,"capacity":30,"frontends":["linux"],"exercises":["scan"],"time":"2019-07-24T10:24:01Z","message":"create event"}
{"level":"info","user":"mrturkmen","is-super-user":true,"tag":"esboot","name":"ame","available":3,"capacity":30,"frontends":["linux"],"exercises":["scan"],"time":"2019-07-24T10:25:26Z","message":"create event"}
{"level":"info","user":"mrturkmen","is-super-user":true,"tag":"esboot","name":"ame","available":3,"capacity":30,"frontends":["linux"],"exercises":["scan"],"time":"2019-07-25T11:24:43Z","message":"create event"}
{"level":"info","user":"mrturkmen","is-super-user":true,"tag":"esboot","name":"ame","available":3,"capacity":30,"frontends":["linux"],"exercises":["scan"],"time":"2019-07-26T13:12:40Z","message":"create event"}
{"level":"info","user":"mrturkmen","is-super-user":true,"tag":"esboot","name":"ame","available":3,"capacity":30,"frontends":["linux"],"exercises":["scan"],"time":"2019-07-26T13:17:40Z","message":"create event"}
{"level":"info","user":"mrturkmen","is-super-user":true,"tag":"esboot","name":"ame","available":3,"capacity":30,"frontends":["linux"],"exercises":["scan"],"time":"2019-07-26T14:08:43Z","message":"create event"}
{"level":"info","user":"mrturkmen","is-super-user":true,"tag":"esboot","name":"ame","available":1,"capacity":30,"frontends":["linux"],"exercises":["scan"],"time":"2019-07-26T14:16:32Z","message":"create event"}
{"level":"info","user":"mrturkmen","is-super-user":true,"tag":"esboot","name":"ame","available":3,"capacity":30,"frontends":["linux"],"exercises":["scan"],"time":"2019-07-26T19:47:00Z","message":"create event"}
{"level":"info","user":"mrturkmen","is-super-user":true,"tag":"esboot","name":"ame","available":3,"capacity":30,"frontends":["linux"],"exercises":["scan"],"time":"2019-07-26T19:50:21Z","message":"create event"}
{"level":"info","user":"mrturkmen","is-super-user":true,"tag":"esboot","name":"ame","available":1,"capacity":30,"frontends":["kali"],"exercises":["scan"],"time":"2019-07-26T20:01:19Z","message":"create event"}
{"level":"info","user":"mrturkmen","is-super-user":true,"tag":"esboot","name":"ame","available":1,"capacity":30,"frontends":["kali"],"exercises":["scan"],"time":"2019-07-26T20:02:13Z","message":"create event"}
{"level":"info","user":"mrturkmen","is-super-user":true,"tag":"esboot","name":"ame","available":1,"capacity":30,"frontends":["kali"],"exercises":["scan"],"time":"2019-07-26T20:43:19Z","message":"create event"}
{"level":"info","user":"mrturkmen","is-super-user":true,"tag":"esboot","name":"ame","available":1,"capacity":30,"frontends":["kali"],"exercises":["scan"],"time":"2019-07-26T21:09:08Z","message":"create event"}
{"level":"info","user":"mrturkmen","is-super-user":true,"tag":"esboot","name":"ame","available":1,"capacity":30,"frontends":["kali"],"exercises":["scan"],"time":"2019-07-26T21:12:45Z","message":"create event"}
{"level":"info","user":"mrturkmen","is-super-user":true,"tag":"esboot","name":"ame","available":3,"capacity":30,"frontends":["linux"],"exercises":["scan"],"time":"2019-07-29T08:53:27Z","message":"create event"}
{"level":"info","user":"mrturkmen","is-super-user":true,"tag":"esboot","name":"ame","available":3,"capacity":30,"frontends":["linux"],"exercises":["scan"],"time":"2019-07-29T09:04:36Z","message":"create event"}
{"level":"info","user":"mrturkmen","is-super-user":true,"tag":"esboot","name":"ame","available":3,"capacity":30,"frontends":["linux"],"exercises":["scan"],"time":"2019-07-29T09:38:48Z","message":"create event"}
{"level":"info","user":"mrturkmen","is-super-user":true,"tag":"esboot","name":"ame","available":3,"capacity":30,"frontends":["linux"],"exercises":["scan"],"time":"2019-07-29T09:39:49Z","message":"create event"}
{"level":"info","user":"mrturkmen","is-super-user":true,"tag":"esboot","name":"ame","available":3,"capacity":30,"frontends":["linux"],"exercises":["scan"],"time":"2019-07-29T10:56:42Z","message":"create event"}
{"level":"info","user":"mrturkmen","is-super-user":true,"tag":"esboot","name":"ame","available":3,"capacity":30,"frontends":["linux"],"exercises":["scan"],"time":"2019-07-29T13:45:41Z","message":"create event"}
{"level":"info","user":"mrturkmen","is-super-user":true,"tag":"esboot","name":"ame","available":3,"capacity":30,"frontends":["linux"],"exercises":["scan"],"time":"2019-07-31T09:58:05Z","message":"create event"}
{"level":"info","user":"mrturkmen","is-super-user":true,"tag":"esboot","name":"ame","available":3,"capacity":30,"frontends":["linux"],"exercises":["scan"],"time":"2019-07-31T10:00:29Z","message":"create event"}
{"level":"info","user":"mrturkmen","is-super-user":true,"tag":"esboot","name":"ame","available":3,"capacity":30,"frontends":["linux"],"exercises":["scan"],"time":"2019-07-31T10:02:19Z","message":"create event"}
{"level":"info","user":"mrturkmen","is-super-user":true,"tag":"esboot","name":"ame","available":3,"capacity":30,"frontends":["linux"],"exercises":["scan"],"time":"2019-07-31T11:31:09Z","message":"create event"}
{"level":"info","user":"mrturkmen","is-super-user":true,"tag":"esboot","name":"ame","available":3,"capacity":30,"frontends":["linux"],"exercises":["scan"],"time":"2019-07-31T12:12:00Z","message":"create event"}
{"level":"info","user":"mrturkmen","is-super-user":true,"tag":"esboot","name":"ame","available":3,"capacity":30,"frontends":["linux"],"exercises":["scan"],"time":"2019-07-31T12:22:45Z","message":"create event"}
{"level":"info","user":"mrturkmen","is-super-user":true,"tag":"esboot","name":"ame","available":3,"capacity":30,"frontends":["linux"],"exercises":["scan"],"time":"2019-07-31T12:24:38Z","message":"create event"}
{"level":"info","user":"mrturkmen","is-super-user":true,"tag":"esboot","name":"ame","available":3,"capacity":30,"frontends":["linux"],"exercises":["scan"],"time":"2019-07-31T12:26:09Z","message":"create event"}
{"level":"info","user":"mrturkmen","is-super-user":true,"tag":"esboot","name":"ame","available":3,"capacity":30,"frontends":["linux"],"exercises":["scan"],"time":"2019-07-31T12:49:28Z","message":"create event"}
{"level":"info","user":"mrturkmen","is-super-user":true,"tag":"esboot","name":"ame","available":3,"capacity":30,"frontends":["linux"],"exercises":["scan"],"time":"2019-07-31T12:53:54Z","message":"create event"}
{"level":"info","user":"mrturkmen","is-super-user":true,"tag":"esboot","name":"ame","available":3,"capacity":30,"frontends":["linux"],"exercises":["scan"],"time":"2019-07-31T12:56:00Z","message":"create event"}
{"level":"info","user":"mrturkmen","is-super-user":true,"tag":"esboot","name":"ame","available":3,"capacity":30,"frontends":["linux"],"exercises":["scan"],"time":"2019-07-31T13:01:34Z","message":"create event"}
{"level":"info","user":"mrturkmen","is-super-user":true,"tag":"esboot","name":"ame","available":3,"capacity":30,"frontends":["linux"],"exercises":["sql","scan","hb"],"time":"2019-07-31T13:03:44Z","message":"create event"}
{"level":"info","user":"mrturkmen","is-super-user":true,"tag":"esboot","name":"ame","available":3,"capacity":30,"frontends":["linux"],"exercises":["sql","scan","hb"],"time":"2019-07-31T14:00:31Z","message":"create event"}
{"level":"info","user":"mrturkmen","is-super-user":true,"tag":"esboot","name":"ame","available":3,"capacity":30,"frontends":["linux"],"exercises":["sql"],"time":"2019-08-01T07:02:14Z","message":"create event"}
{"level":"info","user":"mrturkmen","is-super-user":true,"tag":"esboot","name":"ame","available":3,"capacity":30,"frontends":["linux"],"exercises":["sql","scan","hb"],"time":"2019-08-01T07:13:36Z","message":"create event"}
{"level":"info","user":"mrturkmen","is-super-user":true,"tag":"esboot","name":"ame","available":3,"capacity":30,"frontends":["linux"],"exercises":["sql","scan","hb"],"time":"2019-08-01T07:31:40Z","message":"create event"}
{"level":"info","user":"mrturkmen","is-super-user":true,"tag":"esboot","name":"ame","available":3,"capacity":30,"frontends":["linux"],"exercises":["sql","scan","hb"],"time":"2019-08-01T07:33:42Z","message":"create event"}
{"level":"info","user":"mrturkmen","is-super-user":true,"tag":"esboot","name":"ame","available":3,"capacity":30,"frontends":["linux"],"exercises":["sql","scan","hb"],"time":"2019-08-01T07:46:02Z","message":"create event"}
{"level":"info","user":"mrturkmen","is-super-user":true,"tag":"esboot","name":"ame","available":3,"capacity":30,"frontends":["linux"],"exercises":["sql","scan","hb"],"time":"2019-08-01T07:49:12Z","message":"create event"}
{"level":"info","user":"mrturkmen","is-super-user":true,"tag":"esboot","name":"ame","available":3,"capacity":30,"frontends":["linux"],"exercises":["sql","scan","hb"],"time":"2019-08-01T07:51:48Z","message":"create event"}
{"level":"info","user":"mrturkmen","is-super-user":true,"tag":"esboot","name":"ame","available":3,"capacity":30,"frontends":["linux"],"exercises":["sql","scan","hb"],"time":"2019-08-01T09:43:03Z","message":"create event"}
{"level":"info","user":"mrturkmen","is-super-user":true,"tag":"esboot","name":"ame","available":3,"capacity":30,"frontends":["linux"],"exercises":["sql","scan","hb"],"time":"2019-08-01T09:47:57Z","message":"create event"}
{"level":"info","user":"mrturkmen","is-super-user":true,"tag":"esboot","name":"ame","available":3,"capacity":30,"frontends":["linux"],"exercises":["sql","scan","hb"],"time":"2019-08-01T10:01:49Z","message":"create event"}
{"level":"info","user":"mrturkmen","is-super-user":true,"tag":"esboot","name":"ame","available":3,"capacity":30,"frontends":["linux"],"exercises":["sql","scan","hb"],"time":"2019-08-01T10:09:57Z","message":"create event"}
{"level":"info","user":"mrturkmen","is-super-user":true,"tag":"esboot","name":"ame","available":10,"capacity":30,"frontends":["linux"],"exercises":["sql"],"time":"2019-08-01T10:27:27Z","message":"create event"}
{"level":"info","user":"mrturkmen","is-super-user":true,"tag":"esboot","name":"ame","available":5,"capacity":30,"frontends":["linux"],"exercises":["sql"],"time":"2019-08-01T10:36:15Z","message":"create event"}
{"level":"info","user":"mrturkmen","is-super-user":true,"tag":"esboot","name":"ame","available":5,"capacity":30,"frontends":["linux"],"exercises":["sql"],"time":"2019-08-01T10:38:05Z","message":"create event"}
{"level":"info","user":"mrturkmen","is-super-user":true,"tag":"esboot","name":"ame","available":5,"capacity":30,"frontends":["linux"],"exercises":["sql"],"time":"2019-08-01T10:39:28Z","message":"create event"}
{"level":"info","user":"mrturkmen","is-super-user":true,"tag":"esboot","name":"ame","available":5,"capacity":30,"frontends":["linux"],"exercises":["sql"],"time":"2019-08-01T10:58:27Z","message":"create event"}
{"level":"info","user":"mrturkmen","is-super-user":true,"tag":"esboot","name":"ame","available":5,"capacity":30,"frontends":["linux"],"exercises":["sql"],"time":"2019-08-01T11:29:57Z","message":"create event"}
{"level":"info","user":"mrturkmen","is-super-user":true,"tag":"esboot","name":"ame","available":5,"capacity":30,"frontends":["linux"],"exercises":["sql"],"time":"2019-08-01T11:31:27Z","message":"create event"}
{"level":"info","user":"mrturkmen","is-super-user":true,"tag":"esboot","name":"ame","available":5,"capacity":30,"frontends":["linux"],"exercises":["sql"],"time":"2019-08-01T11:34:12Z","message":"create event"}
{"level":"info","user":"mrturkmen","is-super-user":true,"tag":"esboot","name":"ame","available":5,"capacity":30,"frontends":["linux"],"exercises":["sql"],"time":"2019-08-01T11:36:31Z","message":"create event"}
{"level":"info","user":"mrturkmen","is-super-user":true,"tag":"esboot","name":"ame","available":5,"capacity":30,"frontends":["linux"],"exercises":["sql"],"time":"2019-08-01T11:39:18Z","message":"create event"}
{"level":"info","user":"mrturkmen","is-super-user":true,"tag":"esboot","name":"ame","available":5,"capacity":30,"frontends":["linux"],"exercises":["sql"],"time":"2019-08-01T11:43:38Z","message":"create event"}
{"level":"info","user":"mrturkmen","is-super-user":true,"tag":"esboot","name":"ame","available":5,"capacity":30,"frontends":["linux"],"exercises":["sql"],"time":"2019-08-01T12:13:10Z","message":"create event"}
{"level":"info","user":"mrturkmen","is-super-user":true,"tag":"esboot","name":"ame","available":5,"capacity":30,"frontends":["linux"],"exercises":["sql"],"time":"2019-08-01T12:14:51Z","message":"create event"}
{"level":"info","user":"mrturkmen","is-super-user":true,"tag":"esboot","name":"ame","available":5,"capacity":30,"frontends":["linux"],"exercises":["sql"],"time":"2019-08-01T12:16:41Z","message":"create event"}
{"level":"info","user":"mrturkmen","is-super-user":true,"tag":"esboot","name":"ame","available":5,"capacity":30,"frontends":["linux"],"exercises":["sql"],"time":"2019-08-01T12:20:12Z","message":"create event"}
{"level":"info","user":"mrturkmen","is-super-user":true,"tag":"esboot","name":"ame","available":5,"capacity":30,"frontends":["linux"],"exercises":["sql"],"time":"2019-08-01T12:21:59Z","message":"create event"}
{"level":"info","user":"mrturkmen","is-super-user":true,"tag":"esboot","name":"ame","available":5,"capacity":30,"frontends":["linux"],"exercises":["sql"],"time":"2019-08-01T12:25:13Z","message":"create event"}
{"level":"info","user":"mrturkmen","is-super-user":true,"tag":"esboot","name":"ame","available":5,"capacity":30,"frontends":["linux"],"exercises":["sql"],"time":"2019-08-01T12:30:38Z","message":"create event"}
{"level":"info","user":"mrturkmen","is-super-user":true,"tag":"esboot","name":"ame","available":5,"capacity":30,"frontends":["linux"],"exercises":["sql"],"time":"2019-08-01T12:35:19Z","message":"create event"}
{"level":"info","user":"mrturkmen","is-super-user":true,"tag":"esboot","name":"ame","available":5,"capacity":30,"frontends":["linux"],"exercises":["sql"],"time":"2019-08-01T12:38:11Z","message":"create event"}
{"level":"info","user":"mrturkmen","is-super-user":true,"tag":"esboot","name":"ame","available":5,"capacity":30,"frontends":["linux"],"exercises":["sql"],"time":"2019-08-01T12:40:07Z","message":"create event"}
{"level":"info","user":"mrturkmen","is-super-user":true,"tag":"esboot","name":"ame","available":5,"capacity":30,"frontends":["linux"],"exercises":["sql"],"time":"2019-08-05T09:58:38Z","message":"create event"}
{"level":"info","user":"mrturkmen","is-super-user":true,"tag":"esboot","name":"ame","available":5,"capacity":30,"frontends":["linux"],"exercises":["sql"],"time":"2019-08-05T09:59:24Z","message":"create event"}
{"level":"info","user":"mrturkmen","is-super-user":true,"tag":"esboot","name":"ame","available":5,"capacity":30,"frontends":["linux"],"exercises":["sql"],"time":"2019-08-05T10:14:07Z","message":"create event"}
{"level":"info","user":"mrturkmen","is-super-user":true,"tag":"esboot","name":"ame","available":5,"capacity":30,"frontends":["linux"],"exercises":["sql"],"time":"2019-08-05T10:18:25Z","message":"create event"}
{"level":"info","user":"mrturkmen","is-super-user":true,"tag":"esboot","name":"ame","available":5,"capacity":30,"frontends":["linux"],"exercises":["sql"],"time":"2019-08-05T10:20:44Z","message":"create event"}
{"level":"info","user":"mrturkmen","is-super-user":true,"tag":"esboot","name":"ame","available":5,"capacity":30,"frontends":["linux"],"exercises":["sql"],"time":"2019-08-05T10:25:33Z","message":"create event"}
{"level":"info","user":"mrturkmen","is-super-user":true,"tag":"esboot","name":"ame","available":5,"capacity":30,"frontends":["linux"],"exercises":["sql"],"time":"2019-08-05T10:27:56Z","message":"create event"}
{"level":"info","user":"mrturkmen","is-super-user":true,"tag":"esboot","name":"ame","available":5,"capacity":30,"frontends":["linux"],"exercises":["sql"],"time":"2019-08-05T10:32:50Z","message":"create event"}
{"level":"info","user":"mrturkmen","is-super-user":true,"tag":"esboot","name":"ame","available":5,"capacity":30,"frontends":["linux"],"exercises":["sql"],"time":"2019-08-05T10:36:18Z","message":"create event"}
{"level":"info","user":"mrturkmen","is-super-user":true,"tag":"esboot","name":"ame","available":5,"capacity":30,"frontends":["linux"],"exercises":["sql"],"time":"2019-08-05T10:37:39Z","message":"create event"}
{"level":"info","user":"mrturkmen","is-super-user":true,"tag":"esboot","name":"ame","available":5,"capacity":30,"frontends":["linux"],"exercises":["sql"],"time":"2019-08-05T10:41:33Z","message":"create event"}
{"level":"info","user":"mrturkmen","is-super-user":true,"tag":"esboot","name":"ame","available":5,"capacity":30,"frontends":["linux"],"exercises":["sql"],"time":"2019-08-05T10:46:07Z","message":"create event"}
{"level":"info","user":"mrturkmen","is-super-user":true,"tag":"esboot","name":"ame","available":5,"capacity":30,"frontends":["linux"],"exercises":["sql"],"time":"2019-08-05T10:49:43Z","message":"create event"}
{"level":"info","user":"mrturkmen","is-super-user":true,"tag":"esboot","name":"ame","available":5,"capacity":30,"frontends":["linux"],"exercises":["sql"],"time":"2019-08-05T10:50:24Z","message":"create event"}
{"level":"info","user":"mrturkmen","is-super-user":true,"tag":"esboot","name":"ame","available":5,"capacity":30,"frontends":["linux"],"exercises":["sql"],"time":"2019-08-05T10:51:11Z","message":"create event"}
{"level":"info","user":"mrturkmen","is-super-user":true,"tag":"esboot","name":"ame","available":5,"capacity":30,"frontends":["linux"],"exercises":["sql"],"time":"2019-08-05T10:53:17Z","message":"create event"}
{"level":"info","user":"mrturkmen","is-super-user":true,"tag":"esboot","name":"ame","available":5,"capacity":30,"frontends":["linux"],"exercises":["sql"],"time":"2019-08-05T11:57:59Z","message":"create event"}
{"level":"info","user":"mrturkmen","is-super-user":true,"tag":"esboot","name":"ame","available":5,"capacity":30,"frontends":["linux"],"exercises":["sql"],"time":"2019-08-05T12:14:06Z","message":"create event"}
{"level":"info","user":"mrturkmen","is-super-user":true,"tag":"esboot","name":"ame","available":5,"capacity":30,"frontends":["linux"],"exercises":["sql"],"time":"2019-08-05T12:15:39Z","message":"create event"}
{"level":"info","user":"mrturkmen","is-super-user":true,"tag":"esboot","name":"ame","available":5,"capacity":30,"frontends":["linux"],"exercises":["sql"],"time":"2019-08-05T12:19:07Z","message":"create event"}
{"level":"info","user":"mrturkmen","is-super-user":true,"tag":"esboot","name":"ame","available":5,"capacity":30,"frontends":["linux"],"exercises":["sql"],"time":"2019-08-05T12:21:46Z","message":"create event"}
{"level":"info","user":"mrturkmen","is-super-user":true,"tag":"esboot","name":"ame","available":5,"capacity":30,"frontends":["linux"],"exercises":["sql"],"time":"2019-08-05T12:28:28Z","message":"create event"}
{"level":"info","user":"mrturkmen","is-super-user":true,"tag":"esboot","name":"ame","available":5,"capacity":30,"frontends":["linux"],"exercises":["sql"],"time":"2019-08-05T12:31:34Z","message":"create event"}
{"level":"info","user":"mrturkmen","is-super-user":true,"tag":"esboot","name":"ame","available":5,"capacity":30,"frontends":["linux"],"exercises":["sql"],"time":"2019-08-05T12:35:01Z","message":"create event"}
{"level":"info","user":"mrturkmen","is-super-user":true,"tag":"esboot","name":"ame","available":5,"capacity":30,"frontends":["linux"],"exercises":["sql"],"time":"2019-08-05T12:39:51Z","message":"create event"}
{"level":"info","user":"mrturkmen","is-super-user":true,"tag":"esboot","name":"ame","available":5,"capacity":30,"frontends":["linux"],"exercises":["sql"],"time":"2019-08-05T12:41:36Z","message":"create event"}
{"level":"info","user":"mrturkmen","is-super-user":true,"tag":"esboot","name":"ame","available":5,"capacity":30,"frontends":["linux"],"exercises":["sql"],"time":"2019-08-05T12:50:41Z","message":"create event"}
{"level":"info","user":"mrturkmen","is-super-user":true,"tag":"esboot","name":"ame","available":5,"capacity":30,"frontends":["linux"],"exercises":["sql"],"time":"2019-08-05T12:53:36Z","message":"create event"}
{"level":"info","user":"mrturkmen","is-super-user":true,"tag":"esboot","name":"ame","available":5,"capacity":30,"frontends":["linux"],"exercises":["sql"],"time":"2019-08-05T12:58:42Z","message":"create event"}
{"level":"info","user":"mrturkmen","is-super-user":true,"tag":"esboot","name":"ame","available":10,"capacity":1,"frontends":["linux"],"exercises":["sql"],"time":"2019-08-05T13:00:43Z","message":"create event"}
{"level":"info","user":"mrturkmen","is-super-user":true,"tag":"esboot","name":"ame","available":10,"capacity":1,"frontends":["linux"],"exercises":["sql"],"time":"2019-08-05T13:01:17Z","message":"create event"}
{"level":"info","user":"mrturkmen","is-super-user":true,"tag":"esboot","name":"ame","available":10,"capacity":1,"frontends":["linux"],"exercises":["sql"],"time":"2019-08-05T13:02:41Z","message":"create event"}
{"level":"info","user":"mrturkmen","is-super-user":true,"tag":"esboot","name":"ame","available":10,"capacity":20,"frontends":["linux"],"exercises":["sql"],"time":"2019-08-05T13:03:40Z","message":"create event"}
{"level":"info","user":"mrturkmen","is-super-user":true,"tag":"esboot","name":"ame","available":10,"capacity":1,"frontends":["linux"],"exercises":["sql"],"time":"2019-08-05T13:07:11Z","message":"create event"}
{"level":"info","user":"mrturkmen","is-super-user":true,"tag":"esboot","name":"ame","available":10,"capacity":20,"frontends":["linux"],"exercises":["sql"],"time":"2019-08-05T13:08:04Z","message":"create event"}
{"level":"info","user":"mrturkmen","is-super-user":true,"tag":"esboot","name":"ame","available":10,"capacity":20,"frontends":["linux"],"exercises":["sql"],"time":"2019-08-05T13:12:48Z","message":"create event"}
{"level":"info","user":"mrturkmen","is-super-user":true,"tag":"esboot","name":"ame","available":10,"capacity":20,"frontends":["linux"],"exercises":["sql"],"time":"2019-08-05T13:17:59Z","message":"create event"}
{"level":"info","user":"mrturkmen","is-super-user":true,"tag":"esboot","name":"ame","available":10,"capacity":20,"frontends":["linux"],"exercises":["sql"],"time":"2019-08-05T13:20:50Z","message":"create event"}
{"level":"info","user":"mrturkmen","is-super-user":true,"tag":"esboot","name":"ame","available":10,"capacity":20,"frontends":["linux"],"exercises":["sql"],"time":"2019-08-05T13:25:54Z","message":"create event"}
{"level":"info","user":"mrturkmen","is-super-user":true,"tag":"esboot","name":"ame","available":10,"capacity":20,"frontends":["linux"],"exercises":["sql"],"time":"2019-08-05T13:31:11Z","message":"create event"}
{"level":"info","user":"mrturkmen","is-super-user":true,"tag":"esboot","name":"ame","available":10,"capacity":20,"frontends":["linux"],"exercises":["sql"],"time":"2019-08-05T13:34:50Z","message":"create event"}
{"level":"info","user":"mrturkmen","is-super-user":true,"tag":"esboot","name":"ame","available":10,"capacity":20,"frontends":["linux"],"exercises":["sql"],"time":"2019-08-05T13:36:46Z","message":"create event"}
{"level":"info","user":"mrturkmen","is-super-user":true,"tag":"esboot","name":"ame","available":10,"capacity":20,"frontends":["linux"],"exercises":["sql"],"time":"2019-08-05T13:41:28Z","message":"create event"}
{"level":"info","user":"mrturkmen","is-super-user":true,"tag":"esboot","name":"ame","available":10,"capacity":20,"frontends":["linux"],"exercises":["sql"],"time":"2019-08-05T13:55:30Z","message":"create event"}
{"level":"info","user":"mrturkmen","is-super-user":true,"tag":"esboot","name":"ame","available":10,"capacity":20,"frontends":["linux"],"exercises":["sql"],"time":"2019-08-05T14:00:58Z","message":"create event"}
{"level":"info","user":"mrturkmen","is-super-user":true,"tag":"esboot","name":"ame","available":10,"capacity":20,"frontends":["linux"],"exercises":["sql"],"time":"2019-08-05T14:20:00Z","message":"create event"}
{"level":"info","user":"mrturkmen","is-super-user":true,"tag":"esboot","name":"ame","available":10,"capacity":20,"frontends":["linux"],"exercises":["sql"],"time":"2019-08-05T14:22:59Z","message":"create event"}
{"level":"info","user":"mrturkmen","is-super-user":true,"tag":"esboot","name":"ame","available":10,"capacity":20,"frontends":["linux"],"exercises":["sql"],"time":"2019-08-05T14:29:34Z","message":"create event"}
{"level":"info","user":"mrturkmen","is-super-user":true,"tag":"esboot","name":"ame","available":20,"capacity":25,"frontends":["linux"],"exercises":["sql"],"time":"2019-08-05T14:29:58Z","message":"create event"}
{"level":"info","user":"mrturkmen","is-super-user":true,"tag":"esboot","name":"ame","available":20,"capacity":25,"frontends":["linux"],"exercises":["sql"],"time":"2019-08-05T14:32:07Z","message":"create event"}
{"level":"info","user":"mrturkmen","is-super-user":true,"tag":"esboot","name":"ame","available":20,"capacity":25,"frontends":["linux"],"exercises":["sql"],"time":"2019-08-05T14:33:50Z","message":"create event"}
{"level":"info","user":"mrturkmen","is-super-user":true,"tag":"esboot","name":"ame","available":10,"capacity":11,"frontends":["linux"],"exercises":["sql"],"time":"2019-08-05T14:41:39Z","message":"create event"}
{"level":"info","user":"mrturkmen","is-super-user":true,"tag":"esboot","name":"ame","available":10,"capacity":11,"frontends":["linux"],"exercises":["sql"],"time":"2019-08-05T14:46:36Z","message":"create event"}
{"level":"info","user":"mrturkmen","is-super-user":true,"tag":"esboot","name":"ame","available":10,"capacity":11,"frontends":["linux"],"exercises":["sql"],"time":"2019-08-05T14:48:45Z","message":"create event"}
{"level":"info","user":"mrturkmen","is-super-user":true,"tag":"esboot","name":"ame","available":10,"capacity":11,"frontends":["linux"],"exercises":["sql"],"time":"2019-08-05T14:52:15Z","message":"create event"}
{"level":"info","user":"mrturkmen","is-super-user":true,"tag":"esboot","name":"ame","available":10,"capacity":11,"frontends":["linux"],"exercises":["sql"],"time":"2019-08-05T14:54:34Z","message":"create event"}
{"level":"info","user":"mrturkmen","is-super-user":true,"tag":"esboot","name":"ame","available":10,"capacity":11,"frontends":["linux"],"exercises":["sql"],"time":"2019-08-05T14:56:36Z","message":"create event"}
{"level":"info","user":"mrturkmen","is-super-user":true,"tag":"esboot","name":"ame","available":10,"capacity":11,"frontends":["linux"],"exercises":["sql"],"time":"2019-08-05T18:34:32Z","message":"create event"}
{"level":"info","user":"mrturkmen","is-super-user":true,"tag":"esboot","name":"ame","available":10,"capacity":11,"frontends":["linux"],"exercises":["sql"],"time":"2019-08-05T18:36:05Z","message":"create event"}
{"level":"info","user":"mrturkmen","is-super-user":true,"tag":"esboot","name":"ame","available":10,"capacity":11,"frontends":["linux"],"exercises":["sql"],"time":"2019-08-05T18:38:53Z","message":"create event"}
{"level":"info","user":"mrturkmen","is-super-user":true,"tag":"esboot","name":"ame","available":5,"capacity":30,"frontends":["linux"],"exercises":["sql"],"time":"2019-08-05T18:41:38Z","message":"create event"}
{"level":"info","user":"mrturkmen","is-super-user":true,"tag":"esboot","name":"ame","available":5,"capacity":30,"frontends":["linux"],"exercises":["sql"],"time":"2019-08-05T18:45:02Z","message":"create event"}
{"level":"info","user":"mrturkmen","is-super-user":true,"tag":"esboot","name":"ame","available":5,"capacity":30,"frontends":["linux"],"exercises":["sql"],"time":"2019-08-05T18:49:33Z","message":"create event"}
{"level":"info","user":"mrturkmen","is-super-user":true,"tag":"esboot","name":"ame","available":5,"capacity":30,"frontends":["linux"],"exercises":["sql"],"time":"2019-08-05T18:50:47Z","message":"create event"}
{"level":"info","user":"mrturkmen","is-super-user":true,"tag":"esboot","name":"ame","available":5,"capacity":30,"frontends":["linux"],"exercises":["sql"],"time":"2019-08-05T18:51:32Z","message":"create event"}
{"level":"info","user":"mrturkmen","is-super-user":true,"tag":"esboot","name":"ame","available":10,"capacity":11,"frontends":["linux"],"exercises":["sql"],"time":"2019-08-05T18:53:26Z","message":"create event"}
{"level":"info","user":"mrturkmen","is-super-user":true,"tag":"esboot","name":"ame","available":10,"capacity":11,"frontends":["linux"],"exercises":["sql"],"time":"2019-08-05T18:57:00Z","message":"create event"}
{"level":"info","user":"mrturkmen","is-super-user":true,"tag":"esboot","name":"ame","available":10,"capacity":11,"frontends":["linux"],"exercises":["sql"],"time":"2019-08-05T19:00:55Z","message":"create event"}
{"level":"info","user":"mrturkmen","is-super-user":true,"tag":"esboot","name":"ame","available":10,"capacity":11,"frontends":["linux"],"exercises":["sql"],"time":"2019-08-05T19:04:31Z","message":"create event"}
{"level":"info","user":"mrturkmen","is-super-user":true,"tag":"esboot","name":"ame","available":10,"capacity":11,"frontends":["linux"],"exercises":["sql"],"time":"2019-08-05T19:08:52Z","message":"create event"}
{"level":"info","user":"mrturkmen","is-super-user":true,"tag":"esboot","name":"ame","available":10,"capacity":11,"frontends":["linux"],"exercises":["sql"],"time":"2019-08-05T19:11:22Z","message":"create event"}
{"level":"info","user":"mrturkmen","is-super-user":true,"tag":"esboot","name":"ame","available":10,"capacity":11,"frontends":["linux"],"exercises":["sql"],"time":"2019-08-05T19:15:02Z","message":"create event"}
{"level":"info","user":"mrturkmen","is-super-user":true,"tag":"esboot","name":"ame","available":10,"capacity":11,"frontends":["linux"],"exercises":["sql"],"time":"2019-08-05T19:17:35Z","message":"create event"}
{"level":"info","user":"mrturkmen","is-super-user":true,"tag":"esboot","name":"ame","available":10,"capacity":11,"frontends":["linux"],"exercises":["sql"],"time":"2019-08-05T19:19:45Z","message":"create event"}
{"level":"info","user":"mrturkmen","is-super-user":true,"tag":"esboot","name":"ame","available":10,"capacity":11,"frontends":["linux"],"exercises":["sql"],"time":"2019-08-05T19:25:32Z","message":"create event"}
{"level":"info","user":"mrturkmen","is-super-user":true,"tag":"esboot","name":"ame","available":10,"capacity":11,"frontends":["linux"],"exercises":["sql"],"time":"2019-08-05T19:27:33Z","message":"create event"}
{"level":"info","user":"mrturkmen","is-super-user":true,"tag":"esboot","name":"ame","available":10,"capacity":11,"frontends":["linux"],"exercises":["sql"],"time":"2019-08-05T19:31:02Z","message":"create event"}
{"level":"info","user":"mrturkmen","is-super-user":true,"tag":"esboot","name":"ame","available":10,"capacity":11,"frontends":["linux"],"exercises":["sql"],"time":"2019-08-05T19:56:53Z","message":"create event"}
{"level":"info","user":"mrturkmen","is-super-user":true,"tag":"esboot","name":"ame","available":10,"capacity":11,"frontends":["linux"],"exercises":["sql"],"time":"2019-08-05T19:58:49Z","message":"create event"}
{"level":"info","user":"mrturkmen","is-super-user":true,"tag":"esboot","name":"ame","available":10,"capacity":11,"frontends":["linux"],"exercises":["sql"],"time":"2019-08-05T20:03:02Z","message":"create event"}
{"level":"info","user":"mrturkmen","is-super-user":true,"tag":"esboot","name":"ame","available":10,"capacity":11,"frontends":["linux"],"exercises":["sql"],"time":"2019-08-05T20:04:19Z","message":"create event"}
{"level":"info","user":"mrturkmen","is-super-user":true,"tag":"esboot","name":"ame","available":10,"capacity":11,"frontends":["linux"],"exercises":["sql"],"time":"2019-08-05T20:05:54Z","message":"create event"}
{"level":"info","user":"mrturkmen","is-super-user":true,"tag":"esboot","name":"ame","available":10,"capacity":11,"frontends":["linux"],"exercises":["sql"],"time":"2019-08-05T20:07:13Z","message":"create event"}
{"level":"info","user":"mrturkmen","is-super-user":true,"tag":"esboot","name":"ame","available":10,"capacity":11,"frontends":["linux"],"exercises":["sql"],"time":"2019-08-05T20:08:17Z","message":"create event"}
{"level":"info","user":"mrturkmen","is-super-user":true,"tag":"esboot","name":"ame","available":10,"capacity":11,"frontends":["linux"],"exercises":["sql"],"time":"2019-08-05T20:11:59Z","message":"create event"}
{"level":"info","user":"mrturkmen","is-super-user":true,"tag":"esboot","name":"ame","available":10,"capacity":11,"frontends":["linux"],"exercises":["sql"],"time":"2019-08-05T20:16:59Z","message":"create event"}
{"level":"info","user":"mrturkmen","is-super-user":true,"tag":"esboot","name":"ame","available":10,"capacity":11,"frontends":["linux"],"exercises":["sql"],"time":"2019-08-05T20:19:36Z","message":"create event"}
{"level":"info","user":"mrturkmen","is-super-user":true,"tag":"esboot","name":"ame","available":10,"capacity":11,"frontends":["linux"],"exercises":["sql"],"time":"2019-08-05T20:23:22Z","message":"create event"}
{"level":"info","user":"mrturkmen","is-super-user":true,"tag":"esboot","name":"ame","available":10,"capacity":11,"frontends":["linux"],"exercises":["sql"],"time":"2019-08-05T20:30:01Z","message":"create event"}
{"level":"info","user":"mrturkmen","is-super-user":true,"tag":"esboot","name":"ame","available":10,"capacity":11,"frontends":["linux"],"exercises":["sql"],"time":"2019-08-05T20:36:47Z","message":"create event"}
{"level":"info","user":"mrturkmen","is-super-user":true,"tag":"esboot","name":"ame","available":10,"capacity":11,"frontends":["linux"],"exercises":["sql"],"time":"2019-08-05T20:45:23Z","message":"create event"}
{"level":"info","user":"mrturkmen","is-super-user":true,"tag":"esboot","name":"ame","available":10,"capacity":11,"frontends":["linux"],"exercises":["sql"],"time":"2019-08-05T20:49:52Z","message":"create event"}
{"level":"info","user":"mrturkmen","is-super-user":true,"tag":"esboot","name":"ame","available":10,"capacity":11,"frontends":["linux"],"exercises":["sql"],"time":"2019-08-05T20:58:16Z","message":"create event"}
{"level":"info","user":"mrturkmen","is-super-user":true,"tag":"esboot","name":"ame","available":10,"capacity":11,"frontends":["linux"],"exercises":["sql"],"time":"2019-08-05T21:04:07Z","message":"create event"}
{"level":"info","user":"mrturkmen","is-super-user":true,"tag":"esboot","name":"ame","available":10,"capacity":11,"frontends":["linux"],"exercises":["sql"],"time":"2019-08-06T07:37:53Z","message":"create event"}
{"level":"info","user":"mrturkmen","is-super-user":true,"tag":"esboot","name":"ame","available":10,"capacity":11,"frontends":["linux"],"exercises":["sql"],"time":"2019-08-07T12:24:03Z","message":"create event"}
{"level":"info","user":"mrturkmen","is-super-user":true,"tag":"esboot","name":"ame","available":5,"capacity":6,"frontends":["linux"],"exercises":["sql"],"time":"2019-08-07T12:25:27Z","message":"create event"}
{"level":"info","user":"mrturkmen","is-super-user":true,"tag":"esboot","name":"ame","available":5,"capacity":6,"frontends":["linux"],"exercises":["sql"],"time":"2019-08-07T12:29:19Z","message":"create event"}
{"level":"info","user":"mrturkmen","is-super-user":true,"tag":"esboot","name":"ame","available":5,"capacity":6,"frontends":["linux"],"exercises":["sql"],"time":"2019-08-07T12:31:13Z","message":"create event"}
{"level":"info","user":"mrturkmen","is-super-user":true,"tag":"esboot","name":"ame","available":5,"capacity":6,"frontends":["linux"],"exercises":["sql"],"time":"2019-08-07T13:32:28Z","message":"create event"}
{"level":"info","user":"mrturkmen","is-super-user":true,"tag":"esboot","name":"ame","available":10,"capacity":11,"frontends":["linux"],"exercises":["sql"],"time":"2019-08-08T07:42:42Z","message":"create event"}
{"level":"info","user":"mrturkmen","is-super-user":true,"tag":"esboot","name":"ame","available":10,"capacity":11,"frontends":["linux"],"exercises":["sql"],"time":"2019-08-08T07:46:29Z","message":"create event"}
{"level":"info","user":"mrturkmen","is-super-user":true,"tag":"esboot","name":"ame","available":10,"capacity":11,"frontends":["linux"],"exercises":["sql"],"time":"2019-08-08T08:15:26Z","message":"create event"}
{"level":"info","user":"mrturkmen","is-super-user":true,"tag":"esboot","name":"ame","available":10,"capacity":11,"frontends":["linux"],"exercises":["sql"],"time":"2019-08-08T08:17:24Z","message":"create event"}
{"level":"info","user":"mrturkmen","is-super-user":true,"tag":"esboot","name":"ame","available":10,"capacity":11,"frontends":["linux"],"exercises":["sql"],"time":"2019-08-08T08:19:56Z","message":"create event"}
{"level":"info","user":"mrturkmen","is-super-user":true,"tag":"esboot","name":"ame","available":10,"capacity":11,"frontends":["linux"],"exercises":["sql"],"time":"2019-08-08T08:23:14Z","message":"create event"}
{"level":"info","user":"mrturkmen","is-super-user":true,"tag":"esboot","name":"ame","available":10,"capacity":11,"frontends":["linux"],"exercises":["sql"],"time":"2019-08-08T08:26:52Z","message":"create event"}
{"level":"info","user":"mrturkmen","is-super-user":true,"tag":"esboot","name":"ame","available":10,"capacity":11,"frontends":["linux"],"exercises":["sql"],"time":"2019-08-08T08:28:09Z","message":"create event"}
{"level":"info","user":"mrturkmen","is-super-user":true,"tag":"esboot","name":"ame","available":10,"capacity":11,"frontends":["linux"],"exercises":["sql"],"time":"2019-08-08T08:29:40Z","message":"create event"}
{"level":"info","user":"mrturkmen","is-super-user":true,"tag":"esboot","name":"ame","available":10,"capacity":11,"frontends":["linux"],"exercises":["sql"],"time":"2019-08-08T08:31:34Z","message":"create event"}
{"level":"info","user":"mrturkmen","is-super-user":true,"tag":"esboot","name":"ame","available":10,"capacity":11,"frontends":["linux"],"exercises":["sql"],"time":"2019-08-08T08:32:52Z","message":"create event"}
{"level":"info","user":"mrturkmen","is-super-user":true,"tag":"esboot","name":"ame","available":10,"capacity":11,"frontends":["linux"],"exercises":["sql"],"time":"2019-08-08T08:39:41Z","message":"create event"}
{"level":"info","user":"mrturkmen","is-super-user":true,"tag":"esboot","name":"ame","available":10,"capacity":11,"frontends":["linux"],"exercises":["sql"],"time":"2019-08-08T08:41:33Z","message":"create event"}
{"level":"info","user":"mrturkmen","is-super-user":true,"tag":"esboot","name":"ame","available":10,"capacity":11,"frontends":["linux"],"exercises":["sql"],"time":"2019-08-08T11:49:42Z","message":"create event"}
{"level":"info","user":"mrturkmen","is-super-user":true,"tag":"esboot","name":"ame","available":9,"capacity":10,"frontends":["linux"],"exercises":["scan"],"time":"2019-08-10T13:04:43Z","message":"create event"}
{"level":"info","user":"mrturkmen","is-super-user":true,"tag":"esboot","name":"ame","available":9,"capacity":10,"frontends":["linux"],"exercises":["scan"],"time":"2019-08-11T11:25:12Z","message":"create event"}
{"level":"info","user":"mrturkmen","is-super-user":true,"tag":"esboot","name":"ame","available":9,"capacity":10,"frontends":["linux"],"exercises":["scan"],"time":"2019-08-11T11:45:36Z","message":"create event"}
{"level":"info","user":"mrturkmen","is-super-user":true,"tag":"esboot","name":"ame","available":9,"capacity":10,"frontends":["linux"],"exercises":["scan"],"time":"2019-08-11T11:50:27Z","message":"create event"}
{"level":"info","user":"mrturkmen","is-super-user":true,"tag":"esboot","name":"ame","available":9,"capacity":10,"frontends":["linux"],"exercises":["scan"],"time":"2019-08-11T11:58:43Z","message":"create event"}
{"level":"info","user":"mrturkmen","is-super-user":true,"tag":"esboot","name":"ame","available":9,"capacity":10,"frontends":["linux"],"exercises":["scan"],"time":"2019-08-11T12:04:48Z","message":"create event"}
{"level":"info","user":"mrturkmen","is-super-user":true,"tag":"esboot","name":"ame","available":9,"capacity":10,"frontends":["linux"],"exercises":["scan"],"time":"2019-08-11T12:11:33Z","message":"create event"}
{"level":"info","user":"mrturkmen","is-super-user":true,"tag":"esboot","name":"ame","available":9,"capacity":10,"frontends":["linux"],"exercises":["scan"],"time":"2019-08-11T12:23:07Z","message":"create event"}
{"level":"info","user":"mrturkmen","is-super-user":true,"tag":"esboot","name":"ame","available":9,"capacity":10,"frontends":["linux"],"exercises":["scan"],"time":"2019-08-11T12:26:30Z","message":"create event"}
{"level":"info","user":"mrturkmen","is-super-user":true,"tag":"esboot","name":"ame","available":9,"capacity":10,"frontends":["linux"],"exercises":["scan"],"time":"2019-08-11T12:46:24Z","message":"create event"}
{"level":"info","user":"mrturkmen","is-super-user":true,"tag":"esboot","name":"ame","available":9,"capacity":10,"frontends":["linux"],"exercises":["scan"],"time":"2019-08-11T12:51:02Z","message":"create event"}
{"level":"info","user":"mrturkmen","is-super-user":true,"tag":"esboot","name":"ame","available":9,"capacity":10,"frontends":["linux"],"exercises":["scan"],"time":"2019-08-11T12:53:43Z","message":"create event"}
{"level":"info","user":"mrturkmen","is-super-user":true,"tag":"esboot","name":"ame","available":9,"capacity":10,"frontends":["linux"],"exercises":["scan"],"time":"2019-08-11T12:55:21Z","message":"create event"}
{"level":"info","user":"mrturkmen","is-super-user":true,"tag":"esboot","name":"ame","available":9,"capacity":10,"frontends":["linux"],"exercises":["scan"],"time":"2019-08-11T17:37:57Z","message":"create event"}
{"level":"info","user":"mrturkmen","is-super-user":true,"tag":"esboot","name":"ame","available":9,"capacity":10,"frontends":["linux"],"exercises":["scan"],"time":"2019-08-11T17:46:26Z","message":"create event"}
{"level":"info","user":"mrturkmen","is-super-user":true,"tag":"esboot","name":"ame","available":9,"capacity":10,"frontends":["linux"],"exercises":["scan"],"time":"2019-08-11T18:03:26Z","message":"create event"}
{"level":"info","user":"mrturkmen","is-super-user":true,"tag":"esboot","name":"ame","available":9,"capacity":10,"frontends":["linux"],"exercises":["scan"],"time":"2019-08-11T18:23:05Z","message":"create event"}
{"level":"info","user":"mrturkmen","is-super-user":true,"tag":"esboot","name":"ame","available":9,"capacity":10,"frontends":["linux"],"exercises":["scan"],"time":"2019-08-11T18:26:45Z","message":"create event"}
{"level":"info","user":"mrturkmen","is-super-user":true,"tag":"esboot","name":"ame","available":9,"capacity":10,"frontends":["linux"],"exercises":["scan"],"time":"2019-08-12T10:32:43Z","message":"create event"}
